[INFO ][2018/10/05 23:05:55,808][org.springframework.test.context.support.AbstractTestContextBootstrapper.getDefaultTestExecutionListenerClassNames(AbstractTestContextBootstrapper.java:260)]
Loaded default TestExecutionListener class names from location [META-INF/spring.factories]: [org.springframework.test.context.web.ServletTestExecutionListener, org.springframework.test.context.support.DirtiesContextBeforeModesTestExecutionListener, org.springframework.test.context.support.DependencyInjectionTestExecutionListener, org.springframework.test.context.support.DirtiesContextTestExecutionListener, org.springframework.test.context.transaction.TransactionalTestExecutionListener, org.springframework.test.context.jdbc.SqlScriptsTestExecutionListener]
[INFO ][2018/10/05 23:05:55,823][org.springframework.test.context.support.AbstractTestContextBootstrapper.getTestExecutionListeners(AbstractTestContextBootstrapper.java:187)]
Using TestExecutionListeners: [org.springframework.test.context.web.ServletTestExecutionListener@71423665, org.springframework.test.context.support.DirtiesContextBeforeModesTestExecutionListener@20398b7c, org.springframework.test.context.support.DependencyInjectionTestExecutionListener@6fc6f14e, org.springframework.test.context.support.DirtiesContextTestExecutionListener@56235b8e, org.springframework.test.context.transaction.TransactionalTestExecutionListener@3632be31, org.springframework.test.context.jdbc.SqlScriptsTestExecutionListener@5abca1e0]
[INFO ][2018/10/05 23:05:55,898][org.springframework.beans.factory.xml.XmlBeanDefinitionReader.loadBeanDefinitions(XmlBeanDefinitionReader.java:317)]
Loading XML bean definitions from class path resource [spring-mybatis.xml]
[INFO ][2018/10/05 23:05:56,100][org.springframework.beans.factory.xml.XmlBeanDefinitionReader.loadBeanDefinitions(XmlBeanDefinitionReader.java:317)]
Loading XML bean definitions from class path resource [c3p0.xml]
[INFO ][2018/10/05 23:05:56,146][org.springframework.context.support.AbstractApplicationContext.prepareRefresh(AbstractApplicationContext.java:582)]
Refreshing org.springframework.context.support.GenericApplicationContext@394e1a0f: startup date [Fri Oct 05 23:05:56 CST 2018]; root of context hierarchy
[INFO ][2018/10/05 23:05:56,291][org.springframework.core.io.support.PropertiesLoaderSupport.loadProperties(PropertiesLoaderSupport.java:172)]
Loading properties file from class path resource [config.properties]
[INFO ][2018/10/05 23:05:56,297][org.springframework.beans.factory.annotation.AutowiredAnnotationBeanPostProcessor.<init>(AutowiredAnnotationBeanPostProcessor.java:155)]
JSR-330 'javax.inject.Inject' annotation found and supported for autowiring
[INFO ][2018/10/05 23:05:56,429][com.mchange.v2.log.MLog$1.run(MLog.java:124)]
MLog clients using log4j logging.
[INFO ][2018/10/05 23:05:56,521][com.mchange.v2.c3p0.C3P0Registry.banner(C3P0Registry.java:248)]
Initializing c3p0-0.9.5-pre10 [built 06-November-2014 02:02:55 -0800; debug? true; trace: 10]
[INFO ][2018/10/05 23:05:56,935][com.mchange.v2.c3p0.impl.AbstractPoolBackedDataSource.getPoolManager(AbstractPoolBackedDataSource.java:522)]
Initializing c3p0 pool... com.mchange.v2.c3p0.ComboPooledDataSource [ acquireIncrement -> 3, acquireRetryAttempts -> 30, acquireRetryDelay -> 1000, autoCommitOnClose -> false, automaticTestTable -> null, breakAfterAcquireFailure -> false, checkoutTimeout -> 0, connectionCustomizerClassName -> null, connectionTesterClassName -> com.mchange.v2.c3p0.impl.DefaultConnectionTester, contextClassLoaderSource -> caller, dataSourceName -> z8kfsx9yj2v1801frd72x|41e1e210, debugUnreturnedConnectionStackTraces -> false, description -> null, driverClass -> com.mysql.cj.jdbc.Driver, extensions -> {}, factoryClassLocation -> null, forceIgnoreUnresolvedTransactions -> false, forceUseNamedDriverClass -> false, identityToken -> z8kfsx9yj2v1801frd72x|41e1e210, idleConnectionTestPeriod -> 0, initialPoolSize -> 3, jdbcUrl -> jdbc:mysql://localhost:3306/entryform?useUnicode=true&characterEncoding=UTF-8, maxAdministrativeTaskTime -> 0, maxConnectionAge -> 0, maxIdleTime -> 1800, maxIdleTimeExcessConnections -> 0, maxPoolSize -> 15, maxStatements -> 8, maxStatementsPerConnection -> 5, minPoolSize -> 2, numHelperThreads -> 3, preferredTestQuery -> null, privilegeSpawnedThreads -> false, properties -> {user=******, password=******}, propertyCycle -> 0, statementCacheNumDeferredCloseThreads -> 0, testConnectionOnCheckin -> false, testConnectionOnCheckout -> false, unreturnedConnectionTimeout -> 0, userOverrides -> {}, usesTraditionalReflectiveProxies -> false ]
[INFO ][2018/10/05 23:05:57,251][org.springframework.context.support.AbstractApplicationContext.doClose(AbstractApplicationContext.java:987)]
Closing org.springframework.context.support.GenericApplicationContext@394e1a0f: startup date [Fri Oct 05 23:05:56 CST 2018]; root of context hierarchy
